Build target 'Target 1'
compiling stm32f30x_adc.c...
compiling stm32f30x_can.c...
compiling stm32f30x_comp.c...
compiling stm32f30x_crc.c...
compiling stm32f30x_dac.c...
compiling stm32f30x_dbgmcu.c...
compiling stm32f30x_dma.c...
compiling stm32f30x_exti.c...
compiling stm32f30x_flash.c...
compiling stm32f30x_fmc.c...
compiling stm32f30x_gpio.c...
compiling stm32f30x_hrtim.c...
compiling stm32f30x_i2c.c...
compiling stm32f30x_iwdg.c...
compiling stm32f30x_misc.c...
compiling stm32f30x_opamp.c...
compiling stm32f30x_pwr.c...
compiling stm32f30x_rcc.c...
compiling stm32f30x_rtc.c...
compiling stm32f30x_spi.c...
compiling stm32f30x_syscfg.c...
compiling stm32f30x_tim.c...
compiling stm32f30x_usart.c...
compiling stm32f30x_wwdg.c...
compiling main.c...
User\led.h(12): warning:  #1-D: last line of file ends without a newline
  #endif
User\usart.h(11): warning:  #1-D: last line of file ends without a newline
  #endif
User\main.c(50): warning:  #111-D: statement is unreachable
        return 0;
User\main.c: 3 warnings, 0 errors
compiling stm32f30x_it.c...
compiling system_stm32f30x.c...
compiling led.c...
User\led.h(12): warning:  #1-D: last line of file ends without a newline
  #endif
User\led.c: 1 warning, 0 errors
compiling delay.c...
compiling usart.c...
User\usart.h(11): warning:  #1-D: last line of file ends without a newline
  #endif
User\usart.c(57): warning:  #1-D: last line of file ends without a newline
  }
User\usart.c: 2 warnings, 0 errors
assembling startup_stm32f30x.s...
linking...
Program Size: Code=2580 RO-data=424 RW-data=48 ZI-data=1024  
FromELF: creating hex file...
".\Objects\led.axf" - 0 Error(s), 6 Warning(s).
